0 info it worked if it ends with ok
1 verbose cli [ '/usr/bin/node', '/usr/bin/npm', 'run', 'build' ]
2 info using npm@3.5.2
3 info using node@v8.10.0
4 verbose run-script [ 'prebuild', 'build', 'postbuild' ]
5 info lifecycle hexabot@1.0.0~prebuild: hexabot@1.0.0
6 silly lifecycle hexabot@1.0.0~prebuild: no script for prebuild, continuing
7 info lifecycle hexabot@1.0.0~build: hexabot@1.0.0
8 verbose lifecycle hexabot@1.0.0~build: unsafe-perm in lifecycle true
9 verbose lifecycle hexabot@1.0.0~build: PATH: /usr/share/npm/bin/node-gyp-bin:/home/dylan/HexaBot/node_modules/.bin:/usr/local/sbin:/usr/local/bin:/usr/sbin:/usr/bin:/sbin:/bin:/usr/games:/usr/local/games:/mnt/c/Program Files/WindowsApps/CanonicalGroupLimited.UbuntuonWindows_1804.2019.521.0_x64__79rhkp1fndgsc:/mnt/c/Program Files (x86)/NVIDIA Corporation/PhysX/Common:/mnt/c/Program Files/Oculus/Support/oculus-runtime:/mnt/c/WINDOWS/system32:/mnt/c/WINDOWS:/mnt/c/WINDOWS/System32/Wbem:/mnt/c/WINDOWS/System32/WindowsPowerShell/v1.0/:/mnt/c/WINDOWS/System32/OpenSSH/:/mnt/c/Program Files/dotnet/:/mnt/c/Program Files/PuTTY/:/mnt/c/Users/dylan/AppData/Local/Microsoft/WindowsApps:/mnt/c/Users/dylan/AppData/Local/Programs/Microsoft VS Code/bin:/snap/bin
10 verbose lifecycle hexabot@1.0.0~build: CWD: /home/dylan/HexaBot
11 silly lifecycle hexabot@1.0.0~build: Args: [ '-c',
11 silly lifecycle   'echo building... && yarn run build:lint && yarn run build:ts && echo done!' ]
12 silly lifecycle hexabot@1.0.0~build: Returned: code: 1  signal: null
13 info lifecycle hexabot@1.0.0~build: Failed to exec build script
14 verbose stack Error: hexabot@1.0.0 build: `echo building... && yarn run build:lint && yarn run build:ts && echo done!`
14 verbose stack Exit status 1
14 verbose stack     at EventEmitter.<anonymous> (/usr/share/npm/lib/utils/lifecycle.js:232:16)
14 verbose stack     at emitTwo (events.js:126:13)
14 verbose stack     at EventEmitter.emit (events.js:214:7)
14 verbose stack     at ChildProcess.<anonymous> (/usr/share/npm/lib/utils/spawn.js:24:14)
14 verbose stack     at emitTwo (events.js:126:13)
14 verbose stack     at ChildProcess.emit (events.js:214:7)
14 verbose stack     at maybeClose (internal/child_process.js:925:16)
14 verbose stack     at Process.ChildProcess._handle.onexit (internal/child_process.js:209:5)
15 verbose pkgid hexabot@1.0.0
16 verbose cwd /home/dylan/HexaBot
17 error Linux 4.4.0-18362-Microsoft
18 error argv "/usr/bin/node" "/usr/bin/npm" "run" "build"
19 error node v8.10.0
20 error npm  v3.5.2
21 error code ELIFECYCLE
22 error hexabot@1.0.0 build: `echo building... && yarn run build:lint && yarn run build:ts && echo done!`
22 error Exit status 1
23 error Failed at the hexabot@1.0.0 build script 'echo building... && yarn run build:lint && yarn run build:ts && echo done!'.
23 error Make sure you have the latest version of node.js and npm installed.
23 error If you do, this is most likely a problem with the hexabot package,
23 error not with npm itself.
23 error Tell the author that this fails on your system:
23 error     echo building... && yarn run build:lint && yarn run build:ts && echo done!
23 error You can get information on how to open an issue for this project with:
23 error     npm bugs hexabot
23 error Or if that isn't available, you can get their info via:
23 error     npm owner ls hexabot
23 error There is likely additional logging output above.
24 verbose exit [ 1, true ]
